<?xml version="1.0" encoding="UTF-8"?>
<testsuite name="com.example.springProject1.ApplicationTests" tests="1" skipped="0" failures="0" errors="0" timestamp="2022-11-12T09:08:11" hostname="LAPTOP-6679IVOG" time="0.162">
  <properties/>
  <testcase name="contextLoads()" classname="com.example.springProject1.ApplicationTests" time="0.162"/>
  <system-out><![CDATA[18:08:06.441 [Test worker] DEBUG org.springframework.test.context.BootstrapUtils - Instantiating CacheAwareContextLoaderDelegate from class [org.springframework.test.context.cache.DefaultCacheAwareContextLoaderDelegate]
18:08:06.455 [Test worker] DEBUG org.springframework.test.context.BootstrapUtils - Instantiating BootstrapContext using constructor [public org.springframework.test.context.support.DefaultBootstrapContext(java.lang.Class,org.springframework.test.context.CacheAwareContextLoaderDelegate)]
18:08:06.494 [Test worker] DEBUG org.springframework.test.context.BootstrapUtils - Instantiating TestContextBootstrapper for test class [com.example.springProject1.ApplicationTests] from class [org.springframework.boot.test.context.SpringBootTestContextBootstrapper]
18:08:06.504 [Test worker] INFO org.springframework.boot.test.context.SpringBootTestContextBootstrapper - Neither @ContextConfiguration nor @ContextHierarchy found for test class [com.example.springProject1.ApplicationTests], using SpringBootContextLoader
18:08:06.508 [Test worker] DEBUG org.springframework.test.context.support.AbstractContextLoader - Did not detect default resource location for test class [com.example.springProject1.ApplicationTests]: class path resource [com/example/springProject1/ApplicationTests-context.xml] does not exist
18:08:06.508 [Test worker] DEBUG org.springframework.test.context.support.AbstractContextLoader - Did not detect default resource location for test class [com.example.springProject1.ApplicationTests]: class path resource [com/example/springProject1/ApplicationTestsContext.groovy] does not exist
18:08:06.508 [Test worker] INFO org.springframework.test.context.support.AbstractContextLoader - Could not detect default resource locations for test class [com.example.springProject1.ApplicationTests]: no resource found for suffixes {-context.xml, Context.groovy}.
18:08:06.509 [Test worker] INFO org.springframework.test.context.support.AnnotationConfigContextLoaderUtils - Could not detect default configuration classes for test class [com.example.springProject1.ApplicationTests]: ApplicationTests does not declare any static, non-private, non-final, nested classes annotated with @Configuration.
18:08:06.547 [Test worker] DEBUG org.springframework.test.context.support.ActiveProfilesUtils - Could not find an 'annotation declaring class' for annotation type [org.springframework.test.context.ActiveProfiles] and class [com.example.springProject1.ApplicationTests]
18:08:06.601 [Test worker] DEBUG org.springframework.context.annotation.ClassPathScanningCandidateComponentProvider - Identified candidate component class: file [C:\Users\SM-PC\spring_study\springProject-1\build\classes\java\main\com\example\springProject1\Application.class]
18:08:06.602 [Test worker] INFO org.springframework.boot.test.context.SpringBootTestContextBootstrapper - Found @SpringBootConfiguration com.example.springProject1.Application for test class com.example.springProject1.ApplicationTests
18:08:06.682 [Test worker] DEBUG org.springframework.boot.test.context.SpringBootTestContextBootstrapper - @TestExecutionListeners is not present for class [com.example.springProject1.ApplicationTests]: using defaults.
18:08:06.682 [Test worker] INFO org.springframework.boot.test.context.SpringBootTestContextBootstrapper - Loaded default TestExecutionListener class names from location [META-INF/spring.factories]: [org.springframework.security.test.context.support.WithSecurityContextTestExecutionListener, org.springframework.security.test.context.support.ReactorContextTestExecutionListener, org.springframework.boot.test.autoconfigure.restdocs.RestDocsTestExecutionListener, org.springframework.boot.test.autoconfigure.web.client.MockRestServiceServerResetTestExecutionListener, org.springframework.boot.test.autoconfigure.web.servlet.MockMvcPrintOnlyOnFailureTestExecutionListener, org.springframework.boot.test.autoconfigure.web.servlet.WebDriverTestExecutionListener, org.springframework.boot.test.autoconfigure.webservices.client.MockWebServiceServerTestExecutionListener, org.springframework.boot.test.mock.mockito.MockitoTestExecutionListener, org.springframework.boot.test.mock.mockito.ResetMocksTestExecutionListener, org.springframework.test.context.web.ServletTestExecutionListener, org.springframework.test.context.support.DirtiesContextBeforeModesTestExecutionListener, org.springframework.test.context.event.ApplicationEventsTestExecutionListener, org.springframework.test.context.support.DependencyInjectionTestExecutionListener, org.springframework.test.context.support.DirtiesContextTestExecutionListener, org.springframework.test.context.transaction.TransactionalTestExecutionListener, org.springframework.test.context.jdbc.SqlScriptsTestExecutionListener, org.springframework.test.context.event.EventPublishingTestExecutionListener]
18:08:06.698 [Test worker] INFO org.springframework.boot.test.context.SpringBootTestContextBootstrapper - Using TestExecutionListeners: [org.springframework.test.context.web.ServletTestExecutionListener@224b4d61, org.springframework.test.context.support.DirtiesContextBeforeModesTestExecutionListener@5d5d9e5, org.springframework.test.context.event.ApplicationEventsTestExecutionListener@303e3593, org.springframework.boot.test.mock.mockito.MockitoTestExecutionListener@4ef27d66, org.springframework.boot.test.autoconfigure.SpringBootDependencyInjectionTestExecutionListener@362a019c, org.springframework.test.context.support.DirtiesContextTestExecutionListener@1d9bec4d, org.springframework.test.context.transaction.TransactionalTestExecutionListener@5c48c0c0, org.springframework.test.context.jdbc.SqlScriptsTestExecutionListener@10c8f62, org.springframework.security.test.context.support.WithSecurityContextTestExecutionListener@674c583e, org.springframework.test.context.event.EventPublishingTestExecutionListener@25f7391e, org.springframework.security.test.context.support.ReactorContextTestExecutionListener@3f23a3a0, org.springframework.boot.test.autoconfigure.restdocs.RestDocsTestExecutionListener@5ab14cb9, org.springframework.boot.test.autoconfigure.web.client.MockRestServiceServerResetTestExecutionListener@5fb97279, org.springframework.boot.test.autoconfigure.web.servlet.MockMvcPrintOnlyOnFailureTestExecutionListener@439a8f59, org.springframework.boot.test.autoconfigure.web.servlet.WebDriverTestExecutionListener@61861a29, org.springframework.boot.test.autoconfigure.webservices.client.MockWebServiceServerTestExecutionListener@31024624, org.springframework.boot.test.mock.mockito.ResetMocksTestExecutionListener@25bcd0c7]
18:08:06.702 [Test worker] DEBUG org.springframework.test.context.support.AbstractDirtiesContextTestExecutionListener - Before test class: context [DefaultTestContext@1cb3ec38 testClass = ApplicationTests, testInstance = [null], testMethod = [null], testException = [null], mergedContextConfiguration = [WebMergedContextConfiguration@403132fc testClass = ApplicationTests, locations = '{}', classes = '{class com.example.springProject1.Application}', contextInitializerClasses = '[]', activeProfiles = '{}', propertySourceLocations = '{}', propertySourceProperties = '{org.springframework.boot.test.context.SpringBootTestContextBootstrapper=true}', contextCustomizers = set[org.springframework.boot.test.autoconfigure.actuate.metrics.MetricsExportContextCustomizerFactory$DisableMetricExportContextCustomizer@eda25e5, org.springframework.boot.test.autoconfigure.properties.PropertyMappingContextCustomizer@0, org.springframework.boot.test.autoconfigure.web.servlet.WebDriverContextCustomizerFactory$Customizer@1fdf1c5, org.springframework.boot.test.context.filter.ExcludeFilterContextCustomizer@7d64e326, org.springframework.boot.test.json.DuplicateJsonObjectContextCustomizerFactory$DuplicateJsonObjectContextCustomizer@68be8808, org.springframework.boot.test.mock.mockito.MockitoContextCustomizer@0, org.springframework.boot.test.web.client.TestRestTemplateContextCustomizer@5d9b7a8a, org.springframework.boot.test.context.SpringBootTestArgs@1, org.springframework.boot.test.context.SpringBootTestWebEnvironment@3d6f0054], resourceBasePath = 'src/main/webapp', contextLoader = 'org.springframework.boot.test.context.SpringBootContextLoader', parent = [null]], attributes = map['org.springframework.test.context.web.ServletTestExecutionListener.activateListener' -> true]], class annotated with @DirtiesContext [false] with mode [null].

  .   ____          _            __ _ _
 /\\ / ___'_ __ _ _(_)_ __  __ _ \ \ \ \
( ( )\___ | '_ | '_| | '_ \/ _` | \ \ \ \
 \\/  ___)| |_)| | | | | || (_| |  ) ) ) )
  '  |____| .__|_| |_|_| |_\__, | / / / /
 =========|_|==============|___/=/_/_/_/
 :: Spring Boot ::                (v2.6.7)

2022-11-12 18:08:06.980  INFO 18084 --- [    Test worker] c.e.springProject1.ApplicationTests      : Starting ApplicationTests using Java 17.0.2 on LAPTOP-6679IVOG with PID 18084 (started by SM-PC in C:\Users\SM-PC\spring_study\springProject-1)
2022-11-12 18:08:06.981  INFO 18084 --- [    Test worker] c.e.springProject1.ApplicationTests      : No active profile set, falling back to 1 default profile: "default"
2022-11-12 18:08:07.712  INFO 18084 --- [    Test worker] .s.d.r.c.RepositoryConfigurationDelegate : Bootstrapping Spring Data JPA repositories in DEFAULT mode.
2022-11-12 18:08:07.787  INFO 18084 --- [    Test worker] .s.d.r.c.RepositoryConfigurationDelegate : Finished Spring Data repository scanning in 64 ms. Found 2 JPA repository interfaces.
2022-11-12 18:08:08.334  INFO 18084 --- [    Test worker] com.zaxxer.hikari.HikariDataSource       : HikariPool-1 - Starting...
2022-11-12 18:08:08.472  INFO 18084 --- [    Test worker] com.zaxxer.hikari.HikariDataSource       : HikariPool-1 - Start completed.
2022-11-12 18:08:08.748  INFO 18084 --- [    Test worker] o.hibernate.jpa.internal.util.LogHelper  : HHH000204: Processing PersistenceUnitInfo [name: default]
2022-11-12 18:08:08.857  INFO 18084 --- [    Test worker] org.hibernate.Version                    : HHH000412: Hibernate ORM core version 5.6.8.Final
2022-11-12 18:08:09.223  INFO 18084 --- [    Test worker] o.hibernate.annotations.common.Version   : HCANN000001: Hibernate Commons Annotations {5.1.2.Final}
2022-11-12 18:08:09.413  INFO 18084 --- [    Test worker] org.hibernate.dialect.Dialect            : HHH000400: Using dialect: org.hibernate.dialect.MySQL5InnoDBDialect
Hibernate: drop table if exists posts
Hibernate: drop table if exists user
Hibernate: create table posts (id bigint not null auto_increment, created_date datetime, modified_date datetime, author varchar(255), content TEXT not null, title varchar(500) not null, primary key (id)) engine=InnoDB
Hibernate: create table user (id bigint not null auto_increment, created_date datetime, modified_date datetime, email varchar(255) not null, name varchar(255) not null, picture varchar(255), role varchar(255) not null, primary key (id)) engine=InnoDB
2022-11-12 18:08:10.258  INFO 18084 --- [    Test worker] o.h.e.t.j.p.i.JtaPlatformInitiator       : HHH000490: Using JtaPlatform implementation: [org.hibernate.engine.transaction.jta.platform.internal.NoJtaPlatform]
2022-11-12 18:08:10.268  INFO 18084 --- [    Test worker] j.LocalContainerEntityManagerFactoryBean : Initialized JPA EntityManagerFactory for persistence unit 'default'
2022-11-12 18:08:10.665  WARN 18084 --- [    Test worker] JpaBaseConfiguration$JpaWebConfiguration : spring.jpa.open-in-view is enabled by default. Therefore, database queries may be performed during view rendering. Explicitly configure spring.jpa.open-in-view to disable this warning
2022-11-12 18:08:11.063  INFO 18084 --- [    Test worker] o.s.s.web.DefaultSecurityFilterChain     : Will secure any request with [org.springframework.security.web.context.request.async.WebAsyncManagerIntegrationFilter@43b7bd5a, org.springframework.security.web.context.SecurityContextPersistenceFilter@60f1f95b, org.springframework.security.web.header.HeaderWriterFilter@24536f07, org.springframework.security.web.authentication.logout.LogoutFilter@4c6fabba, org.springframework.security.oauth2.client.web.OAuth2AuthorizationRequestRedirectFilter@18adc20a, org.springframework.security.oauth2.client.web.OAuth2LoginAuthenticationFilter@7254a68a, org.springframework.security.web.authentication.ui.DefaultLoginPageGeneratingFilter@2a525f88, org.springframework.security.web.authentication.ui.DefaultLogoutPageGeneratingFilter@37fd496a, org.springframework.security.web.savedrequest.RequestCacheAwareFilter@6f926d01, org.springframework.security.web.servletapi.SecurityContextHolderAwareRequestFilter@1755aee6, org.springframework.security.web.authentication.AnonymousAuthenticationFilter@6c4e486e, org.springframework.security.web.session.SessionManagementFilter@44580de0, org.springframework.security.web.access.ExceptionTranslationFilter@377cbdae, org.springframework.security.web.access.intercept.FilterSecurityInterceptor@7bf16972]
2022-11-12 18:08:11.423  INFO 18084 --- [    Test worker] o.s.b.a.h2.H2ConsoleAutoConfiguration    : H2 console available at '/h2-console'. Database available at 'jdbc:h2:mem:a5f54a42-9f65-4bad-8680-cb03592581bb'
2022-11-12 18:08:11.466  INFO 18084 --- [    Test worker] o.s.b.a.w.s.WelcomePageHandlerMapping    : Adding welcome page template: index
2022-11-12 18:08:11.732  INFO 18084 --- [    Test worker] s.a.ScheduledAnnotationBeanPostProcessor : No TaskScheduler/ScheduledExecutorService bean found for scheduled processing
2022-11-12 18:08:11.740  INFO 18084 --- [    Test worker] c.e.springProject1.ApplicationTests      : Started ApplicationTests in 5.0 seconds (JVM running for 6.146)
]]></system-out>
  <system-err><![CDATA[]]></system-err>
</testsuite>
