<?xml version="1.0" encoding="UTF-8"?>
<testsuite name="com.example.springProject1.domain.posts.PostsRepositoryTest" tests="2" skipped="0" failures="0" errors="0" timestamp="2022-11-12T09:08:11" hostname="LAPTOP-6679IVOG" time="0.168">
  <properties/>
  <testcase name="게시글저장_불러오기()" classname="com.example.springProject1.domain.posts.PostsRepositoryTest" time="0.153"/>
  <testcase name="BaseTimeEntity_등록()" classname="com.example.springProject1.domain.posts.PostsRepositoryTest" time="0.014"/>
  <system-out><![CDATA[2022-11-12 18:08:11.921  INFO 18084 --- [    Test worker] .b.t.c.SpringBootTestContextBootstrapper : Neither @ContextConfiguration nor @ContextHierarchy found for test class [com.example.springProject1.domain.posts.PostsRepositoryTest], using SpringBootContextLoader
2022-11-12 18:08:11.921  INFO 18084 --- [    Test worker] o.s.t.c.support.AbstractContextLoader    : Could not detect default resource locations for test class [com.example.springProject1.domain.posts.PostsRepositoryTest]: no resource found for suffixes {-context.xml, Context.groovy}.
2022-11-12 18:08:11.921  INFO 18084 --- [    Test worker] t.c.s.AnnotationConfigContextLoaderUtils : Could not detect default configuration classes for test class [com.example.springProject1.domain.posts.PostsRepositoryTest]: PostsRepositoryTest does not declare any static, non-private, non-final, nested classes annotated with @Configuration.
2022-11-12 18:08:11.927  INFO 18084 --- [    Test worker] .b.t.c.SpringBootTestContextBootstrapper : Found @SpringBootConfiguration com.example.springProject1.Application for test class com.example.springProject1.domain.posts.PostsRepositoryTest
2022-11-12 18:08:11.929  INFO 18084 --- [    Test worker] .b.t.c.SpringBootTestContextBootstrapper : Loaded default TestExecutionListener class names from location [META-INF/spring.factories]: [org.springframework.security.test.context.support.WithSecurityContextTestExecutionListener, org.springframework.security.test.context.support.ReactorContextTestExecutionListener, org.springframework.boot.test.autoconfigure.restdocs.RestDocsTestExecutionListener, org.springframework.boot.test.autoconfigure.web.client.MockRestServiceServerResetTestExecutionListener, org.springframework.boot.test.autoconfigure.web.servlet.MockMvcPrintOnlyOnFailureTestExecutionListener, org.springframework.boot.test.autoconfigure.web.servlet.WebDriverTestExecutionListener, org.springframework.boot.test.autoconfigure.webservices.client.MockWebServiceServerTestExecutionListener, org.springframework.boot.test.mock.mockito.MockitoTestExecutionListener, org.springframework.boot.test.mock.mockito.ResetMocksTestExecutionListener, org.springframework.test.context.web.ServletTestExecutionListener, org.springframework.test.context.support.DirtiesContextBeforeModesTestExecutionListener, org.springframework.test.context.event.ApplicationEventsTestExecutionListener, org.springframework.test.context.support.DependencyInjectionTestExecutionListener, org.springframework.test.context.support.DirtiesContextTestExecutionListener, org.springframework.test.context.transaction.TransactionalTestExecutionListener, org.springframework.test.context.jdbc.SqlScriptsTestExecutionListener, org.springframework.test.context.event.EventPublishingTestExecutionListener]
2022-11-12 18:08:11.930  INFO 18084 --- [    Test worker] .b.t.c.SpringBootTestContextBootstrapper : Using TestExecutionListeners: [org.springframework.test.context.web.ServletTestExecutionListener@37c49a55, org.springframework.test.context.support.DirtiesContextBeforeModesTestExecutionListener@13e6ab86, org.springframework.test.context.event.ApplicationEventsTestExecutionListener@4f5d7091, org.springframework.boot.test.mock.mockito.MockitoTestExecutionListener@18b88f7, org.springframework.boot.test.autoconfigure.SpringBootDependencyInjectionTestExecutionListener@128ebca1, org.springframework.test.context.support.DirtiesContextTestExecutionListener@34128fed, org.springframework.test.context.transaction.TransactionalTestExecutionListener@10efb806, org.springframework.test.context.jdbc.SqlScriptsTestExecutionListener@4dfe56dc, org.springframework.security.test.context.support.WithSecurityContextTestExecutionListener@2a728076, org.springframework.test.context.event.EventPublishingTestExecutionListener@a3f1f32, org.springframework.security.test.context.support.ReactorContextTestExecutionListener@67fda9fb, org.springframework.boot.test.autoconfigure.restdocs.RestDocsTestExecutionListener@580a5b6e, org.springframework.boot.test.autoconfigure.web.client.MockRestServiceServerResetTestExecutionListener@66450129, org.springframework.boot.test.autoconfigure.web.servlet.MockMvcPrintOnlyOnFailureTestExecutionListener@14f1545c, org.springframework.boot.test.autoconfigure.web.servlet.WebDriverTestExecutionListener@1ec98548, org.springframework.boot.test.autoconfigure.webservices.client.MockWebServiceServerTestExecutionListener@14927cd4, org.springframework.boot.test.mock.mockito.ResetMocksTestExecutionListener@5a106b26]
Hibernate: insert into posts (created_date, modified_date, author, content, title) values (?, ?, ?, ?, ?)
Hibernate: select posts0_.id as id1_0_, posts0_.created_date as created_2_0_, posts0_.modified_date as modified3_0_, posts0_.author as author4_0_, posts0_.content as content5_0_, posts0_.title as title6_0_ from posts posts0_
Hibernate: select posts0_.id as id1_0_, posts0_.created_date as created_2_0_, posts0_.modified_date as modified3_0_, posts0_.author as author4_0_, posts0_.content as content5_0_, posts0_.title as title6_0_ from posts posts0_
Hibernate: delete from posts where id=?
Hibernate: insert into posts (created_date, modified_date, author, content, title) values (?, ?, ?, ?, ?)
Hibernate: select posts0_.id as id1_0_, posts0_.created_date as created_2_0_, posts0_.modified_date as modified3_0_, posts0_.author as author4_0_, posts0_.content as content5_0_, posts0_.title as title6_0_ from posts posts0_
>>>>>> createDate=2022-11-12T18:08:12.089933, modigiedDate=2022-11-12T18:08:12.089933
Hibernate: select posts0_.id as id1_0_, posts0_.created_date as created_2_0_, posts0_.modified_date as modified3_0_, posts0_.author as author4_0_, posts0_.content as content5_0_, posts0_.title as title6_0_ from posts posts0_
Hibernate: delete from posts where id=?
]]></system-out>
  <system-err><![CDATA[]]></system-err>
</testsuite>
