<?xml version="1.0" encoding="UTF-8"?>
<testsuite name="com.example.springProject1.web.HelloControllerTest" tests="2" skipped="0" failures="0" errors="0" timestamp="2022-11-12T09:08:12" hostname="LAPTOP-6679IVOG" time="0.125">
  <properties/>
  <testcase name="hello가_리턴된다()" classname="com.example.springProject1.web.HelloControllerTest" time="0.052"/>
  <testcase name="helloDto가_리턴된다()" classname="com.example.springProject1.web.HelloControllerTest" time="0.072"/>
  <system-out><![CDATA[2022-11-12 18:08:12.114  INFO 18084 --- [    Test worker] .b.t.a.w.s.WebMvcTestContextBootstrapper : Neither @ContextConfiguration nor @ContextHierarchy found for test class [com.example.springProject1.web.HelloControllerTest], using SpringBootContextLoader
2022-11-12 18:08:12.114  INFO 18084 --- [    Test worker] o.s.t.c.support.AbstractContextLoader    : Could not detect default resource locations for test class [com.example.springProject1.web.HelloControllerTest]: no resource found for suffixes {-context.xml, Context.groovy}.
2022-11-12 18:08:12.114  INFO 18084 --- [    Test worker] t.c.s.AnnotationConfigContextLoaderUtils : Could not detect default configuration classes for test class [com.example.springProject1.web.HelloControllerTest]: HelloControllerTest does not declare any static, non-private, non-final, nested classes annotated with @Configuration.
2022-11-12 18:08:12.141  INFO 18084 --- [    Test worker] .b.t.c.SpringBootTestContextBootstrapper : Found @SpringBootConfiguration com.example.springProject1.Application for test class com.example.springProject1.web.HelloControllerTest
2022-11-12 18:08:12.143  INFO 18084 --- [    Test worker] .b.t.a.w.s.WebMvcTestContextBootstrapper : Loaded default TestExecutionListener class names from location [META-INF/spring.factories]: [org.springframework.security.test.context.support.WithSecurityContextTestExecutionListener, org.springframework.security.test.context.support.ReactorContextTestExecutionListener, org.springframework.boot.test.autoconfigure.restdocs.RestDocsTestExecutionListener, org.springframework.boot.test.autoconfigure.web.client.MockRestServiceServerResetTestExecutionListener, org.springframework.boot.test.autoconfigure.web.servlet.MockMvcPrintOnlyOnFailureTestExecutionListener, org.springframework.boot.test.autoconfigure.web.servlet.WebDriverTestExecutionListener, org.springframework.boot.test.autoconfigure.webservices.client.MockWebServiceServerTestExecutionListener, org.springframework.boot.test.mock.mockito.MockitoTestExecutionListener, org.springframework.boot.test.mock.mockito.ResetMocksTestExecutionListener, org.springframework.test.context.web.ServletTestExecutionListener, org.springframework.test.context.support.DirtiesContextBeforeModesTestExecutionListener, org.springframework.test.context.event.ApplicationEventsTestExecutionListener, org.springframework.test.context.support.DependencyInjectionTestExecutionListener, org.springframework.test.context.support.DirtiesContextTestExecutionListener, org.springframework.test.context.transaction.TransactionalTestExecutionListener, org.springframework.test.context.jdbc.SqlScriptsTestExecutionListener, org.springframework.test.context.event.EventPublishingTestExecutionListener]
2022-11-12 18:08:12.144  INFO 18084 --- [    Test worker] .b.t.a.w.s.WebMvcTestContextBootstrapper : Using TestExecutionListeners: [org.springframework.test.context.web.ServletTestExecutionListener@6db59e26, org.springframework.test.context.support.DirtiesContextBeforeModesTestExecutionListener@32aa27a7, org.springframework.test.context.event.ApplicationEventsTestExecutionListener@5c7c22ce, org.springframework.boot.test.mock.mockito.MockitoTestExecutionListener@738ed8d3, org.springframework.boot.test.autoconfigure.SpringBootDependencyInjectionTestExecutionListener@328b2c2a, org.springframework.test.context.support.DirtiesContextTestExecutionListener@517fb2c3, org.springframework.test.context.transaction.TransactionalTestExecutionListener@6c289070, org.springframework.test.context.jdbc.SqlScriptsTestExecutionListener@69e58566, org.springframework.security.test.context.support.WithSecurityContextTestExecutionListener@2e41e0c, org.springframework.test.context.event.EventPublishingTestExecutionListener@2e214d39, org.springframework.security.test.context.support.ReactorContextTestExecutionListener@622e39d, org.springframework.boot.test.autoconfigure.restdocs.RestDocsTestExecutionListener@43a9988a, org.springframework.boot.test.autoconfigure.web.client.MockRestServiceServerResetTestExecutionListener@611ffa8d, org.springframework.boot.test.autoconfigure.web.servlet.MockMvcPrintOnlyOnFailureTestExecutionListener@45f32b12, org.springframework.boot.test.autoconfigure.web.servlet.WebDriverTestExecutionListener@54dc163a, org.springframework.boot.test.autoconfigure.webservices.client.MockWebServiceServerTestExecutionListener@5bbeb9e3, org.springframework.boot.test.mock.mockito.ResetMocksTestExecutionListener@456beb8b]

  .   ____          _            __ _ _
 /\\ / ___'_ __ _ _(_)_ __  __ _ \ \ \ \
( ( )\___ | '_ | '_| | '_ \/ _` | \ \ \ \
 \\/  ___)| |_)| | | | | || (_| |  ) ) ) )
  '  |____| .__|_| |_|_| |_\__, | / / / /
 =========|_|==============|___/=/_/_/_/
 :: Spring Boot ::                (v2.6.7)

2022-11-12 18:08:12.163  INFO 18084 --- [    Test worker] c.e.s.web.HelloControllerTest            : Starting HelloControllerTest using Java 17.0.2 on LAPTOP-6679IVOG with PID 18084 (started by SM-PC in C:\Users\SM-PC\spring_study\springProject-1)
2022-11-12 18:08:12.163  INFO 18084 --- [    Test worker] c.e.s.web.HelloControllerTest            : No active profile set, falling back to 1 default profile: "default"
2022-11-12 18:08:12.427  INFO 18084 --- [    Test worker] o.s.b.a.w.s.WelcomePageHandlerMapping    : Adding welcome page template: index
2022-11-12 18:08:12.603  INFO 18084 --- [    Test worker] o.s.s.web.DefaultSecurityFilterChain     : Will secure any request with [org.springframework.security.web.context.request.async.WebAsyncManagerIntegrationFilter@1b5e6983, org.springframework.security.web.context.SecurityContextPersistenceFilter@77a35b2f, org.springframework.security.web.header.HeaderWriterFilter@4cce889e, org.springframework.security.web.csrf.CsrfFilter@3181fbe7, org.springframework.security.web.authentication.logout.LogoutFilter@6afdb486, org.springframework.security.oauth2.client.web.OAuth2AuthorizationRequestRedirectFilter@fee1e32, org.springframework.security.oauth2.client.web.OAuth2AuthorizationRequestRedirectFilter@50b1dfab, org.springframework.security.oauth2.client.web.OAuth2LoginAuthenticationFilter@2d2710a8, org.springframework.security.web.authentication.ui.DefaultLoginPageGeneratingFilter@70f37190, org.springframework.security.web.authentication.ui.DefaultLogoutPageGeneratingFilter@130a99fe, org.springframework.security.web.savedrequest.RequestCacheAwareFilter@755057c7, org.springframework.security.web.servletapi.SecurityContextHolderAwareRequestFilter@4d62bb8b, org.springframework.security.web.authentication.AnonymousAuthenticationFilter@31773d5b, org.springframework.security.oauth2.client.web.OAuth2AuthorizationCodeGrantFilter@68c05c5b, org.springframework.security.web.session.SessionManagementFilter@28d2afd8, org.springframework.security.web.access.ExceptionTranslationFilter@722e1bff, org.springframework.security.web.access.intercept.FilterSecurityInterceptor@623dc0b8]
2022-11-12 18:08:12.655  INFO 18084 --- [    Test worker] o.s.b.t.m.w.SpringBootMockServletContext : Initializing Spring TestDispatcherServlet ''
2022-11-12 18:08:12.655  INFO 18084 --- [    Test worker] o.s.t.web.servlet.TestDispatcherServlet  : Initializing Servlet ''
2022-11-12 18:08:12.656  INFO 18084 --- [    Test worker] o.s.t.web.servlet.TestDispatcherServlet  : Completed initialization in 1 ms
2022-11-12 18:08:12.665  INFO 18084 --- [    Test worker] c.e.s.web.HelloControllerTest            : Started HelloControllerTest in 0.518 seconds (JVM running for 7.071)
]]></system-out>
  <system-err><![CDATA[]]></system-err>
</testsuite>
