<?xml version="1.0" encoding="UTF-8"?>
<testsuite name="com.example.springProject1.web.PostsApiControllerTest" tests="2" skipped="0" failures="0" errors="0" timestamp="2022-11-12T09:08:16" hostname="LAPTOP-6679IVOG" time="0.277">
  <properties/>
  <testcase name="Posts_등록된다()" classname="com.example.springProject1.web.PostsApiControllerTest" time="0.197"/>
  <testcase name="Posts_수정된다()" classname="com.example.springProject1.web.PostsApiControllerTest" time="0.076"/>
  <system-out><![CDATA[2022-11-12 18:08:16.354  INFO 18084 --- [    Test worker] .b.t.c.SpringBootTestContextBootstrapper : Neither @ContextConfiguration nor @ContextHierarchy found for test class [com.example.springProject1.web.PostsApiControllerTest], using SpringBootContextLoader
2022-11-12 18:08:16.356  INFO 18084 --- [    Test worker] o.s.t.c.support.AbstractContextLoader    : Could not detect default resource locations for test class [com.example.springProject1.web.PostsApiControllerTest]: no resource found for suffixes {-context.xml, Context.groovy}.
2022-11-12 18:08:16.357  INFO 18084 --- [    Test worker] t.c.s.AnnotationConfigContextLoaderUtils : Could not detect default configuration classes for test class [com.example.springProject1.web.PostsApiControllerTest]: PostsApiControllerTest does not declare any static, non-private, non-final, nested classes annotated with @Configuration.
2022-11-12 18:08:16.360  INFO 18084 --- [    Test worker] .b.t.c.SpringBootTestContextBootstrapper : Found @SpringBootConfiguration com.example.springProject1.Application for test class com.example.springProject1.web.PostsApiControllerTest
2022-11-12 18:08:16.365  INFO 18084 --- [    Test worker] .b.t.c.SpringBootTestContextBootstrapper : Loaded default TestExecutionListener class names from location [META-INF/spring.factories]: [org.springframework.security.test.context.support.WithSecurityContextTestExecutionListener, org.springframework.security.test.context.support.ReactorContextTestExecutionListener, org.springframework.boot.test.autoconfigure.restdocs.RestDocsTestExecutionListener, org.springframework.boot.test.autoconfigure.web.client.MockRestServiceServerResetTestExecutionListener, org.springframework.boot.test.autoconfigure.web.servlet.MockMvcPrintOnlyOnFailureTestExecutionListener, org.springframework.boot.test.autoconfigure.web.servlet.WebDriverTestExecutionListener, org.springframework.boot.test.autoconfigure.webservices.client.MockWebServiceServerTestExecutionListener, org.springframework.boot.test.mock.mockito.MockitoTestExecutionListener, org.springframework.boot.test.mock.mockito.ResetMocksTestExecutionListener, org.springframework.test.context.web.ServletTestExecutionListener, org.springframework.test.context.support.DirtiesContextBeforeModesTestExecutionListener, org.springframework.test.context.event.ApplicationEventsTestExecutionListener, org.springframework.test.context.support.DependencyInjectionTestExecutionListener, org.springframework.test.context.support.DirtiesContextTestExecutionListener, org.springframework.test.context.transaction.TransactionalTestExecutionListener, org.springframework.test.context.jdbc.SqlScriptsTestExecutionListener, org.springframework.test.context.event.EventPublishingTestExecutionListener]
2022-11-12 18:08:16.368  INFO 18084 --- [    Test worker] .b.t.c.SpringBootTestContextBootstrapper : Using TestExecutionListeners: [org.springframework.test.context.web.ServletTestExecutionListener@62ba4c62, org.springframework.test.context.support.DirtiesContextBeforeModesTestExecutionListener@19fdcaba, org.springframework.test.context.event.ApplicationEventsTestExecutionListener@35738a92, org.springframework.boot.test.mock.mockito.MockitoTestExecutionListener@10ec54c3, org.springframework.boot.test.autoconfigure.SpringBootDependencyInjectionTestExecutionListener@2005d3e0, org.springframework.test.context.support.DirtiesContextTestExecutionListener@575a6540, org.springframework.test.context.transaction.TransactionalTestExecutionListener@7e544223, org.springframework.test.context.jdbc.SqlScriptsTestExecutionListener@c6c5b66, org.springframework.security.test.context.support.WithSecurityContextTestExecutionListener@2f803d8, org.springframework.test.context.event.EventPublishingTestExecutionListener@68c06a2, org.springframework.security.test.context.support.ReactorContextTestExecutionListener@5a95090a, org.springframework.boot.test.autoconfigure.restdocs.RestDocsTestExecutionListener@34ccce55, org.springframework.boot.test.autoconfigure.web.client.MockRestServiceServerResetTestExecutionListener@7668edd7, org.springframework.boot.test.autoconfigure.web.servlet.MockMvcPrintOnlyOnFailureTestExecutionListener@10374cae, org.springframework.boot.test.autoconfigure.web.servlet.WebDriverTestExecutionListener@6298dafb, org.springframework.boot.test.autoconfigure.webservices.client.MockWebServiceServerTestExecutionListener@30741e9b, org.springframework.boot.test.mock.mockito.ResetMocksTestExecutionListener@1435b17]
2022-11-12 18:08:16.405  INFO 18084 --- [    Test worker] o.a.c.c.C.[Tomcat].[localhost].[/]       : Initializing Spring TestDispatcherServlet ''
2022-11-12 18:08:16.406  INFO 18084 --- [    Test worker] o.s.t.web.servlet.TestDispatcherServlet  : Initializing Servlet ''
2022-11-12 18:08:16.409  INFO 18084 --- [    Test worker] o.s.t.web.servlet.TestDispatcherServlet  : Completed initialization in 3 ms
Hibernate: insert into posts (created_date, modified_date, author, content, title) values (?, ?, ?, ?, ?)
Hibernate: select posts0_.id as id1_0_, posts0_.created_date as created_2_0_, posts0_.modified_date as modified3_0_, posts0_.author as author4_0_, posts0_.content as content5_0_, posts0_.title as title6_0_ from posts posts0_
Hibernate: select posts0_.id as id1_0_, posts0_.created_date as created_2_0_, posts0_.modified_date as modified3_0_, posts0_.author as author4_0_, posts0_.content as content5_0_, posts0_.title as title6_0_ from posts posts0_
Hibernate: delete from posts where id=?
2022-11-12 18:08:16.592  INFO 18084 --- [    Test worker] o.a.c.c.C.[Tomcat].[localhost].[/]       : Initializing Spring TestDispatcherServlet ''
2022-11-12 18:08:16.592  INFO 18084 --- [    Test worker] o.s.t.web.servlet.TestDispatcherServlet  : Initializing Servlet ''
2022-11-12 18:08:16.595  INFO 18084 --- [    Test worker] o.s.t.web.servlet.TestDispatcherServlet  : Completed initialization in 3 ms
Hibernate: insert into posts (created_date, modified_date, author, content, title) values (?, ?, ?, ?, ?)
Hibernate: select posts0_.id as id1_0_0_, posts0_.created_date as created_2_0_0_, posts0_.modified_date as modified3_0_0_, posts0_.author as author4_0_0_, posts0_.content as content5_0_0_, posts0_.title as title6_0_0_ from posts posts0_ where posts0_.id=?
Hibernate: update posts set created_date=?, modified_date=?, author=?, content=?, title=? where id=?
Hibernate: select posts0_.id as id1_0_, posts0_.created_date as created_2_0_, posts0_.modified_date as modified3_0_, posts0_.author as author4_0_, posts0_.content as content5_0_, posts0_.title as title6_0_ from posts posts0_
Hibernate: select posts0_.id as id1_0_, posts0_.created_date as created_2_0_, posts0_.modified_date as modified3_0_, posts0_.author as author4_0_, posts0_.content as content5_0_, posts0_.title as title6_0_ from posts posts0_
Hibernate: delete from posts where id=?
]]></system-out>
  <system-err><![CDATA[]]></system-err>
</testsuite>
